<?xml version="1.0" encoding="UTF-8"?>
<robot generator="Robot 7.2.2 (Python 3.12.1 on win32)" generated="2025-05-07T23:34:56.156955" rpa="false" schemaversion="5">
<suite id="s1" name="Cart-Tests" source="C:\Users\LENOVO\Desktop\digikala_qa_task\robot-tests\cart-tests.robot">
<test id="s1-t1" name="Add Product To Cart Without Login" line="17">
<kw name="Open Browser" owner="SeleniumLibrary">
<msg time="2025-05-07T23:34:56.493241" level="INFO">Opening browser 'chrome' to base url 'https://www.digikala.com'.</msg>
<arg>${URL}</arg>
<arg>chrome</arg>
<doc>Opens a new browser instance to the optional ``url``.</doc>
<status status="PASS" start="2025-05-07T23:34:56.493241" elapsed="5.076194"/>
</kw>
<kw name="Maximize Browser Window" owner="SeleniumLibrary">
<doc>Maximizes current browser window.</doc>
<status status="PASS" start="2025-05-07T23:35:01.570432" elapsed="0.069968"/>
</kw>
<kw name="Wait Until Element Is Visible" owner="SeleniumLibrary">
<arg>${CLOSE_POPUP_BTN}</arg>
<arg>10s</arg>
<doc>Waits until the element ``locator`` is visible.</doc>
<status status="PASS" start="2025-05-07T23:35:01.641399" elapsed="2.576114"/>
</kw>
<kw name="Click Element" owner="SeleniumLibrary">
<msg time="2025-05-07T23:35:04.218529" level="INFO">Clicking element 'xpath=//button[contains(., 'فعلا نه')]'.</msg>
<arg>${CLOSE_POPUP_BTN}</arg>
<doc>Click the element identified by ``locator``.</doc>
<status status="PASS" start="2025-05-07T23:35:04.218529" elapsed="0.166948"/>
</kw>
<kw name="Wait Until Element Is Visible" owner="SeleniumLibrary">
<arg>${SEARCH_BOX}</arg>
<arg>10s</arg>
<doc>Waits until the element ``locator`` is visible.</doc>
<status status="PASS" start="2025-05-07T23:35:04.387389" elapsed="0.050766"/>
</kw>
<kw name="Click Element" owner="SeleniumLibrary">
<msg time="2025-05-07T23:35:04.439107" level="INFO">Clicking element 'xpath=//span[@data-cro-id='searchbox-type']'.</msg>
<arg>${SEARCH_BOX}</arg>
<doc>Click the element identified by ``locator``.</doc>
<status status="PASS" start="2025-05-07T23:35:04.439107" elapsed="0.315144"/>
</kw>
<kw name="Wait Until Element Is Visible" owner="SeleniumLibrary">
<arg>${SEARCH_INPUT}</arg>
<arg>10s</arg>
<doc>Waits until the element ``locator`` is visible.</doc>
<status status="PASS" start="2025-05-07T23:35:04.755253" elapsed="0.350163"/>
</kw>
<kw name="Input Text" owner="SeleniumLibrary">
<msg time="2025-05-07T23:35:05.106365" level="INFO">Typing text 'گوشی موبایل' into text field 'xpath=//input[@type='text']'.</msg>
<arg>${SEARCH_INPUT}</arg>
<arg>${SEARCH_TEXT}</arg>
<doc>Types the given ``text`` into the text field identified by ``locator``.</doc>
<status status="PASS" start="2025-05-07T23:35:05.105416" elapsed="0.237299"/>
</kw>
<kw name="Press Keys" owner="SeleniumLibrary">
<msg time="2025-05-07T23:35:05.344022" level="INFO">Sending key(s) ('RETURN',) to xpath=//input[@type='text'] element.</msg>
<msg time="2025-05-07T23:35:05.725374" level="INFO">Pressing special key RETURN to element.</msg>
<msg time="2025-05-07T23:35:05.725374" level="INFO">Releasing special key RETURN.</msg>
<arg>${SEARCH_INPUT}</arg>
<arg>RETURN</arg>
<doc>Simulates the user pressing key(s) to an element or on the active browser.</doc>
<status status="PASS" start="2025-05-07T23:35:05.344022" elapsed="0.482947"/>
</kw>
<kw name="Wait Until Page Contains Element" owner="SeleniumLibrary">
<arg>${PRODUCT_LINK}</arg>
<arg>10s</arg>
<doc>Waits until the element ``locator`` appears on the current page.</doc>
<status status="PASS" start="2025-05-07T23:35:05.828963" elapsed="2.087822"/>
</kw>
<kw name="Click Element" owner="SeleniumLibrary">
<msg time="2025-05-07T23:35:07.917789" level="INFO">Clicking element 'xpath=(//div[contains(@class, 'product-list_ProductList__item__LiiNI')])[1]//a'.</msg>
<arg>${PRODUCT_LINK}</arg>
<doc>Click the element identified by ``locator``.</doc>
<status status="PASS" start="2025-05-07T23:35:07.916785" elapsed="0.346639"/>
</kw>
<kw name="Get Window Handles" owner="SeleniumLibrary">
<msg time="2025-05-07T23:35:08.294424" level="INFO">${WINDOWS} = ['81ED9D4C6B299F2E95EEC1E101BE3EE4', '060A2A39EC15F029A399AF27635D7377']</msg>
<var>${WINDOWS}</var>
<doc>Returns all child window handles of the selected browser as a list.</doc>
<status status="PASS" start="2025-05-07T23:35:08.263424" elapsed="0.031000"/>
</kw>
<kw name="Switch Window" owner="SeleniumLibrary">
<arg>${WINDOWS[1]}</arg>
<doc>Switches to browser window matching ``locator``.</doc>
<status status="PASS" start="2025-05-07T23:35:08.295433" elapsed="0.150051"/>
</kw>
<kw name="Wait Until Element Is Visible" owner="SeleniumLibrary">
<arg>${ADD_TO_CART_BTN}</arg>
<arg>20s</arg>
<doc>Waits until the element ``locator`` is visible.</doc>
<status status="PASS" start="2025-05-07T23:35:08.446488" elapsed="1.887177"/>
</kw>
<kw name="Click Button" owner="SeleniumLibrary">
<msg time="2025-05-07T23:35:10.334666" level="INFO">Clicking button 'xpath=//button[@data-cro-id='pdp-add-to-cart']'.</msg>
<arg>${ADD_TO_CART_BTN}</arg>
<doc>Clicks the button identified by ``locator``.</doc>
<status status="PASS" start="2025-05-07T23:35:10.334666" elapsed="0.460211"/>
</kw>
<kw name="Sleep" owner="BuiltIn">
<msg time="2025-05-07T23:35:13.797614" level="INFO">Slept 3 seconds.</msg>
<arg>3s</arg>
<doc>Pauses the test executed for the given time.</doc>
<status status="PASS" start="2025-05-07T23:35:10.795898" elapsed="3.001716"/>
</kw>
<kw name="Go To" owner="SeleniumLibrary">
<msg time="2025-05-07T23:35:13.800616" level="INFO">Opening url 'https://www.digikala.com/checkout/cart/'</msg>
<arg>${CART_PAGE_URL}</arg>
<doc>Navigates the current browser window to the provided ``url``.</doc>
<status status="PASS" start="2025-05-07T23:35:13.800616" elapsed="0.256801"/>
</kw>
<kw name="Wait Until Page Contains Element" owner="SeleniumLibrary">
<arg>${CONTINUE_SHOPPING_BTN}</arg>
<arg>20s</arg>
<doc>Waits until the element ``locator`` appears on the current page.</doc>
<status status="PASS" start="2025-05-07T23:35:14.059321" elapsed="0.694654"/>
</kw>
<kw name="Click Element" owner="SeleniumLibrary">
<msg time="2025-05-07T23:35:14.755980" level="INFO">Clicking element 'xpath=//a[@data-cro-id='cart-continue-shopping' and contains(., 'تایید و تکمیل سفارش')]'.</msg>
<arg>${CONTINUE_SHOPPING_BTN}</arg>
<doc>Click the element identified by ``locator``.</doc>
<status status="PASS" start="2025-05-07T23:35:14.754998" elapsed="0.233243"/>
</kw>
<kw name="Sleep" owner="BuiltIn">
<msg time="2025-05-07T23:35:19.991060" level="INFO">Slept 5 seconds.</msg>
<arg>5s</arg>
<doc>Pauses the test executed for the given time.</doc>
<status status="PASS" start="2025-05-07T23:35:14.990352" elapsed="5.000708"/>
</kw>
<kw name="Close Browser" owner="SeleniumLibrary" type="TEARDOWN">
<doc>Closes the current browser.</doc>
<status status="PASS" start="2025-05-07T23:35:19.992260" elapsed="2.490956"/>
</kw>
<status status="PASS" start="2025-05-07T23:34:56.492238" elapsed="25.991979"/>
</test>
<status status="PASS" start="2025-05-07T23:34:56.159464" elapsed="26.326746"/>
</suite>
<statistics>
<total>
<stat pass="1" fail="0" skip="0">All Tests</stat>
</total>
<tag>
</tag>
<suite>
<stat name="Cart-Tests" id="s1" pass="1" fail="0" skip="0">Cart-Tests</stat>
</suite>
</statistics>
<errors>
</errors>
</robot>
